2024-12-17 18:54:27,300 - master - INFO - Starting master server on port 50050...
2024-12-17 18:55:02,097 - master - INFO - Registered new worker: localhost:50054
2024-12-17 18:55:22,175 - master - INFO - List files request received. Detail: False, Filter: 
2024-12-17 18:56:01,306 - master - INFO - Unregistered worker: localhost:50054
2024-12-17 18:56:09,331 - master - INFO - Registered new worker: localhost:50054
2024-12-17 18:56:36,188 - master - INFO - Health check request received
2024-12-17 18:56:43,533 - master - INFO - Health check request received
2024-12-17 18:56:56,010 - master - INFO - Received upload request for file: distributed_systems.txt
2024-12-17 18:56:56,016 - master - ERROR - Upload to localhost:50054 failed: <_InactiveRpcError of RPC that terminated with:
	status = StatusCode.UNAVAILABLE
	details = "failed to connect to all addresses; last error: UNKNOWN: ipv4:127.0.0.1:50054: Failed to connect to remote host: connect: Connection refused (61)"
	debug_error_string = "UNKNOWN:Error received from peer  {created_time:"2024-12-17T18:56:56.01666-06:00", grpc_status:14, grpc_message:"failed to connect to all addresses; last error: UNKNOWN: ipv4:127.0.0.1:50054: Failed to connect to remote host: connect: Connection refused (61)"}"
>
2024-12-17 18:57:20,343 - master - INFO - Delete request for file: distributed_systems.txt
2024-12-17 18:57:20,344 - master - INFO - Successfully deleted file from localhost:50052
2024-12-17 18:57:20,345 - master - INFO - Successfully deleted file from localhost:50053
2024-12-17 18:57:30,750 - master - INFO - Received upload request for file: distributed_systems.txt
2024-12-17 18:57:30,751 - master - ERROR - Upload to localhost:50054 failed: <_InactiveRpcError of RPC that terminated with:
	status = StatusCode.UNAVAILABLE
	details = "failed to connect to all addresses; last error: UNKNOWN: ipv4:127.0.0.1:50054: Failed to connect to remote host: connect: Connection refused (61)"
	debug_error_string = "UNKNOWN:Error received from peer  {created_time:"2024-12-17T18:57:30.751723-06:00", grpc_status:14, grpc_message:"failed to connect to all addresses; last error: UNKNOWN: ipv4:127.0.0.1:50054: Failed to connect to remote host: connect: Connection refused (61)"}"
>
2024-12-17 18:57:38,537 - master - INFO - Received upload request for file: distributed_systems.txt
2024-12-17 18:58:51,291 - master - INFO - Delete request for file: distributed_systems.txt
2024-12-17 18:58:51,295 - master - INFO - Successfully deleted file from localhost:50052
2024-12-17 18:58:51,297 - master - INFO - Successfully deleted file from localhost:50053
2024-12-17 18:58:51,300 - master - INFO - Successfully deleted file from localhost:50051
2024-12-17 18:59:16,910 - master - INFO - Received upload request for file: distributed_systems.txt
2024-12-17 18:59:16,911 - master - ERROR - Upload to localhost:50054 failed: <_InactiveRpcError of RPC that terminated with:
	status = StatusCode.UNAVAILABLE
	details = "failed to connect to all addresses; last error: UNKNOWN: ipv4:127.0.0.1:50054: Failed to connect to remote host: connect: Connection refused (61)"
	debug_error_string = "UNKNOWN:Error received from peer  {created_time:"2024-12-17T18:59:16.911293-06:00", grpc_status:14, grpc_message:"failed to connect to all addresses; last error: UNKNOWN: ipv4:127.0.0.1:50054: Failed to connect to remote host: connect: Connection refused (61)"}"
>
2024-12-17 18:59:27,326 - master - ERROR - Failed to redistribute distributed_systems.txt: 'NoneType' object has no attribute 'set_code'
2024-12-17 18:59:27,327 - master - INFO - Unregistered worker: localhost:50051
2024-12-17 18:59:27,328 - master - ERROR - Failed to redistribute distributed_systems.txt: 'NoneType' object has no attribute 'set_code'
2024-12-17 18:59:27,328 - master - INFO - Unregistered worker: localhost:50052
2024-12-17 18:59:27,328 - master - ERROR - Failed to redistribute distributed_systems.txt: 'NoneType' object has no attribute 'set_code'
2024-12-17 18:59:27,328 - master - INFO - Unregistered worker: localhost:50053
2024-12-17 19:01:27,334 - master - ERROR - No available workers to redistribute distributed_systems.txt
2024-12-17 19:01:27,337 - master - INFO - Unregistered worker: localhost:50054
2024-12-17 19:07:20,338 - master - INFO - Registered new worker: localhost:50054
2024-12-17 19:07:57,476 - master - INFO - List files request received. Detail: False, Filter: 
2024-12-17 19:47:43,525 - master - INFO - Unregistered worker: localhost:50054
2024-12-17 23:22:19,251 - master - INFO - List files request received. Detail: False, Filter: 
2024-12-17 23:22:36,275 - master - INFO - Health check request received
2024-12-17 23:22:41,037 - master - INFO - Health check request received
2024-12-17 23:23:06,975 - master - INFO - Received upload request for file: distributed_systems.txt
2024-12-17 23:23:47,837 - master - INFO - Received upload request for file: distributed_systems.txt
2024-12-17 23:23:58,438 - master - INFO - Received upload request for file: distributed_systems.txt
2024-12-17 23:24:32,486 - master - INFO - Received upload request for file: distributed_systems.txt
2024-12-17 23:25:34,908 - master - INFO - Registered new worker: localhost:50056
2024-12-17 23:26:54,627 - master - INFO - Received upload request for file: distributed_systems.txt
2024-12-17 23:27:14,357 - master - INFO - List files request received. Detail: False, Filter: 
2024-12-17 23:27:28,352 - master - INFO - Delete request for file: distributed_systemss.txt
2024-12-17 23:27:32,217 - master - INFO - Delete request for file: distributed_systems.txt
2024-12-17 23:27:32,221 - master - INFO - Successfully deleted file from localhost:50052
2024-12-17 23:27:36,327 - master - INFO - Delete request for file: distributed_systems.txt
2024-12-17 23:27:49,373 - master - INFO - Received upload request for file: distributed_systems.txt
2024-12-17 23:27:54,905 - master - INFO - Delete request for file: distributed_systems.txt
2024-12-17 23:31:25,977 - master - INFO - Unregistered worker: localhost:50056
2024-12-18 12:39:57,790 - master - INFO - List files request received. Detail: True, Filter: 
2024-12-18 12:40:44,318 - master - INFO - Received upload request for file: distributed_systems.txt
