2024-12-15 19:51:31,362 - worker - INFO - Starting worker server on port 50051...
2024-12-15 19:51:44,377 - worker - INFO - Starting worker server on port 50052...
2024-12-15 19:51:54,934 - worker - INFO - Starting worker server on port 50053...
2024-12-15 19:52:03,748 - worker - INFO - Health check request received
2024-12-15 19:52:03,751 - worker - INFO - Health check request received
2024-12-15 19:52:03,756 - worker - INFO - Health check request received
2024-12-15 19:52:33,785 - worker - INFO - Health check request received
2024-12-15 19:52:33,793 - worker - INFO - Health check request received
2024-12-15 19:52:33,799 - worker - INFO - Health check request received
2024-12-15 19:53:03,826 - worker - INFO - Health check request received
2024-12-15 19:53:03,834 - worker - INFO - Health check request received
2024-12-15 19:53:03,838 - worker - INFO - Health check request received
2024-12-15 19:53:16,366 - worker - INFO - Upload request for file: distributed_systems.txt
2024-12-15 19:53:16,367 - worker - INFO - Successfully stored file at: storage3/distributed_systems.txt_v1.0
2024-12-15 19:53:16,370 - worker - INFO - Upload request for file: distributed_systems.txt
2024-12-15 19:53:16,372 - worker - INFO - Successfully stored file at: storage1/distributed_systems.txt_v1.0
2024-12-15 19:53:16,383 - worker - INFO - Upload request for file: distributed_systems.txt
2024-12-15 19:53:16,383 - worker - INFO - Successfully stored file at: storage2/distributed_systems.txt_v1.0
2024-12-15 19:53:33,891 - worker - INFO - Health check request received
2024-12-15 19:53:33,906 - worker - INFO - Health check request received
2024-12-15 19:53:33,913 - worker - INFO - Health check request received
2024-12-15 19:54:03,924 - worker - INFO - Health check request received
2024-12-15 19:54:03,935 - worker - INFO - Health check request received
2024-12-15 19:54:03,943 - worker - INFO - Health check request received
2024-12-15 19:54:33,953 - worker - INFO - Health check request received
2024-12-15 19:54:33,970 - worker - INFO - Health check request received
2024-12-15 19:54:33,976 - worker - INFO - Health check request received
2024-12-15 19:55:03,993 - worker - INFO - Health check request received
2024-12-15 19:55:04,001 - worker - INFO - Health check request received
2024-12-15 19:55:04,015 - worker - INFO - Health check request received
2024-12-15 19:55:34,030 - worker - INFO - Health check request received
2024-12-15 19:55:34,038 - worker - INFO - Health check request received
2024-12-15 19:55:34,046 - worker - INFO - Health check request received
2024-12-15 19:56:04,090 - worker - INFO - Health check request received
2024-12-15 19:56:04,099 - worker - INFO - Health check request received
2024-12-15 19:56:04,103 - worker - INFO - Health check request received
2024-12-15 19:56:34,116 - worker - INFO - Health check request received
2024-12-15 19:56:34,124 - worker - INFO - Health check request received
2024-12-15 19:56:34,128 - worker - INFO - Health check request received
2024-12-15 19:57:04,137 - worker - INFO - Health check request received
2024-12-15 19:57:04,140 - worker - INFO - Health check request received
2024-12-15 19:57:04,142 - worker - INFO - Health check request received
2024-12-15 19:57:09,634 - worker - INFO - Download request for file: distributed_systems.txt
2024-12-15 19:57:09,635 - worker - INFO - Reading file from: storage3/distributed_systems.txt_v1.0
2024-12-15 19:57:34,151 - worker - INFO - Health check request received
2024-12-15 19:57:34,154 - worker - INFO - Health check request received
2024-12-15 19:57:34,156 - worker - INFO - Health check request received
2024-12-15 19:57:46,734 - worker - INFO - Delete request for file: distributed_systems.txt
2024-12-15 19:57:46,735 - worker - INFO - Successfully deleted 1 versions
2024-12-15 19:57:46,736 - worker - INFO - Delete request for file: distributed_systems.txt
2024-12-15 19:57:46,736 - worker - INFO - Successfully deleted 1 versions
2024-12-15 19:57:46,737 - worker - INFO - Delete request for file: distributed_systems.txt
2024-12-15 19:57:46,737 - worker - INFO - Successfully deleted 1 versions
2024-12-15 19:58:04,165 - worker - INFO - Health check request received
2024-12-15 19:58:04,169 - worker - INFO - Health check request received
2024-12-15 19:58:04,171 - worker - INFO - Health check request received
2024-12-15 19:58:34,191 - worker - INFO - Health check request received
2024-12-15 19:58:34,196 - worker - INFO - Health check request received
2024-12-15 19:58:34,199 - worker - INFO - Health check request received
2024-12-15 19:59:04,209 - worker - INFO - Health check request received
2024-12-15 19:59:04,213 - worker - INFO - Health check request received
2024-12-15 19:59:04,215 - worker - INFO - Health check request received
2024-12-15 19:59:34,224 - worker - INFO - Health check request received
2024-12-15 19:59:34,228 - worker - INFO - Health check request received
2024-12-15 19:59:34,231 - worker - INFO - Health check request received
2024-12-15 20:00:04,242 - worker - INFO - Health check request received
2024-12-15 20:00:04,248 - worker - INFO - Health check request received
2024-12-15 20:00:04,252 - worker - INFO - Health check request received
2024-12-15 20:00:34,290 - worker - INFO - Health check request received
2024-12-15 20:00:34,299 - worker - INFO - Health check request received
2024-12-15 20:00:34,301 - worker - INFO - Health check request received
2024-12-15 20:01:04,315 - worker - INFO - Health check request received
2024-12-15 20:01:04,324 - worker - INFO - Health check request received
2024-12-15 20:01:04,332 - worker - INFO - Health check request received
2024-12-15 20:01:34,344 - worker - INFO - Health check request received
2024-12-15 20:01:34,351 - worker - INFO - Health check request received
2024-12-15 20:01:34,358 - worker - INFO - Health check request received
2024-12-15 20:02:04,369 - worker - INFO - Health check request received
2024-12-15 20:02:04,377 - worker - INFO - Health check request received
2024-12-15 20:02:04,385 - worker - INFO - Health check request received
2024-12-15 20:02:34,422 - worker - INFO - Health check request received
2024-12-15 20:02:34,430 - worker - INFO - Health check request received
2024-12-15 20:02:34,434 - worker - INFO - Health check request received
2024-12-15 20:03:04,443 - worker - INFO - Health check request received
2024-12-15 20:03:04,449 - worker - INFO - Health check request received
2024-12-15 20:03:04,453 - worker - INFO - Health check request received
2024-12-15 20:03:34,463 - worker - INFO - Health check request received
2024-12-15 20:03:34,467 - worker - INFO - Health check request received
2024-12-15 20:03:34,469 - worker - INFO - Health check request received
2024-12-15 20:04:04,479 - worker - INFO - Health check request received
2024-12-15 20:04:04,487 - worker - INFO - Health check request received
2024-12-15 20:04:04,492 - worker - INFO - Health check request received
2024-12-15 20:04:34,502 - worker - INFO - Health check request received
2024-12-15 20:04:34,506 - worker - INFO - Health check request received
2024-12-15 20:04:34,508 - worker - INFO - Health check request received
2024-12-15 20:05:04,520 - worker - INFO - Health check request received
2024-12-15 20:05:04,525 - worker - INFO - Health check request received
2024-12-15 20:05:04,533 - worker - INFO - Health check request received
2024-12-15 20:05:34,543 - worker - INFO - Health check request received
2024-12-15 20:05:34,550 - worker - INFO - Health check request received
2024-12-15 20:05:34,559 - worker - INFO - Health check request received
2024-12-15 20:06:04,578 - worker - INFO - Health check request received
2024-12-15 20:06:04,594 - worker - INFO - Health check request received
2024-12-15 20:06:04,604 - worker - INFO - Health check request received
2024-12-15 20:06:34,642 - worker - INFO - Health check request received
2024-12-15 20:06:34,653 - worker - INFO - Health check request received
2024-12-15 20:06:34,665 - worker - INFO - Health check request received
2024-12-15 20:07:04,680 - worker - INFO - Health check request received
2024-12-15 20:07:04,693 - worker - INFO - Health check request received
2024-12-15 20:07:04,699 - worker - INFO - Health check request received
2024-12-15 20:10:47,011 - worker - INFO - Starting worker server on port 50051...
2024-12-15 20:10:56,154 - worker - INFO - Starting worker server on port 50052...
2024-12-15 20:11:05,484 - worker - INFO - Starting worker server on port 50053...
2024-12-15 20:11:15,259 - worker - INFO - Health check request received
2024-12-15 20:11:15,261 - worker - INFO - Health check request received
2024-12-15 20:11:15,263 - worker - INFO - Health check request received
2024-12-15 20:11:45,277 - worker - INFO - Health check request received
2024-12-15 20:11:45,285 - worker - INFO - Health check request received
2024-12-15 20:11:45,290 - worker - INFO - Health check request received
2024-12-15 20:12:15,298 - worker - INFO - Health check request received
2024-12-15 20:12:15,300 - worker - INFO - Health check request received
2024-12-15 20:12:15,302 - worker - INFO - Health check request received
2024-12-15 20:12:45,314 - worker - INFO - Health check request received
2024-12-15 20:12:45,320 - worker - INFO - Health check request received
2024-12-15 20:12:45,326 - worker - INFO - Health check request received
2024-12-15 20:12:58,963 - worker - INFO - Upload request for file: distributed_systems.txt
2024-12-15 20:12:58,964 - worker - INFO - Successfully stored file at: storage3/distributed_systems.txt_v1.0
2024-12-15 20:12:58,965 - worker - INFO - Upload request for file: distributed_systems.txt
2024-12-15 20:12:58,965 - worker - INFO - Successfully stored file at: storage2/distributed_systems.txt_v1.0
2024-12-15 20:12:58,966 - worker - INFO - Upload request for file: distributed_systems.txt
2024-12-15 20:12:58,966 - worker - INFO - Successfully stored file at: storage1/distributed_systems.txt_v1.0
2024-12-15 20:13:15,338 - worker - INFO - Health check request received
2024-12-15 20:13:15,349 - worker - INFO - Health check request received
2024-12-15 20:13:15,352 - worker - INFO - Health check request received
2024-12-15 20:13:19,055 - worker - INFO - Download request for file: distributed_systems.txt
2024-12-15 20:13:19,055 - worker - INFO - Reading file from: storage3/distributed_systems.txt_v1.0
2024-12-15 20:13:45,364 - worker - INFO - Health check request received
2024-12-15 20:13:45,369 - worker - INFO - Health check request received
2024-12-15 20:13:45,375 - worker - INFO - Health check request received
2024-12-15 20:14:15,388 - worker - INFO - Health check request received
2024-12-15 20:14:15,397 - worker - INFO - Health check request received
2024-12-15 20:14:15,403 - worker - INFO - Health check request received
2024-12-15 20:14:21,087 - worker - INFO - Download request for file: distributed_systems.txt
2024-12-15 20:14:21,087 - worker - INFO - Reading file from: storage1/distributed_systems.txt_v1.0
2024-12-15 20:14:45,418 - worker - INFO - Health check request received
2024-12-15 20:14:45,425 - worker - INFO - Health check request received
2024-12-15 20:14:45,430 - worker - INFO - Health check request received
2024-12-15 20:14:52,523 - worker - INFO - Download request for file: distributed_systems.txt
2024-12-15 20:14:52,523 - worker - INFO - Reading file from: storage2/distributed_systems.txt_v1.0
2024-12-15 20:15:15,440 - worker - INFO - Health check request received
2024-12-15 20:15:15,442 - worker - INFO - Health check request received
2024-12-15 20:15:15,443 - worker - INFO - Health check request received
2024-12-15 20:15:40,587 - worker - INFO - Delete request for file: distributed_systems.txt
2024-12-15 20:15:40,588 - worker - INFO - Successfully deleted 1 versions
2024-12-15 20:15:40,589 - worker - INFO - Delete request for file: distributed_systems.txt
2024-12-15 20:15:40,589 - worker - INFO - Successfully deleted 1 versions
2024-12-15 20:15:40,591 - worker - INFO - Delete request for file: distributed_systems.txt
2024-12-15 20:15:40,591 - worker - INFO - Successfully deleted 1 versions
2024-12-15 20:15:45,451 - worker - INFO - Health check request received
2024-12-15 20:15:45,455 - worker - INFO - Health check request received
2024-12-15 20:15:45,459 - worker - INFO - Health check request received
2024-12-15 20:16:15,469 - worker - INFO - Health check request received
2024-12-15 20:16:15,472 - worker - INFO - Health check request received
2024-12-15 20:16:15,474 - worker - INFO - Health check request received
2024-12-15 20:16:45,491 - worker - INFO - Health check request received
2024-12-15 20:16:45,511 - worker - INFO - Health check request received
2024-12-15 20:16:45,520 - worker - INFO - Health check request received
2024-12-15 20:17:15,512 - worker - INFO - Health check request received
2024-12-15 20:17:15,530 - worker - INFO - Health check request received
2024-12-15 20:17:15,537 - worker - INFO - Health check request received
2024-12-15 20:17:45,545 - worker - INFO - Health check request received
2024-12-15 20:17:45,551 - worker - INFO - Health check request received
2024-12-15 20:17:45,555 - worker - INFO - Health check request received
2024-12-15 20:18:23,360 - worker - INFO - Health check request received
2024-12-15 20:18:23,366 - worker - INFO - Health check request received
2024-12-15 20:18:23,369 - worker - INFO - Health check request received
2024-12-15 20:18:53,381 - worker - INFO - Health check request received
2024-12-15 20:18:53,388 - worker - INFO - Health check request received
2024-12-15 20:18:53,394 - worker - INFO - Health check request received
2024-12-15 20:18:55,955 - worker - INFO - Upload request for file: distributed_systems.txt
2024-12-15 20:18:55,955 - worker - INFO - Successfully stored file at: storage2/distributed_systems.txt_v1.0
2024-12-15 20:18:55,956 - worker - INFO - Upload request for file: distributed_systems.txt
2024-12-15 20:18:55,956 - worker - INFO - Successfully stored file at: storage1/distributed_systems.txt_v1.0
2024-12-15 20:18:55,956 - worker - INFO - Upload request for file: distributed_systems.txt
2024-12-15 20:18:55,957 - worker - INFO - Successfully stored file at: storage3/distributed_systems.txt_v1.0
2024-12-15 20:19:03,851 - worker - INFO - Download request for file: distributed_systems.txt
2024-12-15 20:19:03,852 - worker - INFO - Reading file from: storage2/distributed_systems.txt_v1.0
2024-12-15 20:19:10,430 - worker - INFO - Delete request for file: distributed_systems.txt
2024-12-15 20:19:10,431 - worker - INFO - Successfully deleted 1 versions
2024-12-15 20:19:10,431 - worker - INFO - Delete request for file: distributed_systems.txt
2024-12-15 20:19:10,431 - worker - INFO - Successfully deleted 1 versions
2024-12-15 20:19:10,432 - worker - INFO - Delete request for file: distributed_systems.txt
2024-12-15 20:19:10,432 - worker - INFO - Successfully deleted 1 versions
2024-12-15 20:19:23,405 - worker - INFO - Health check request received
2024-12-15 20:19:23,410 - worker - INFO - Health check request received
2024-12-15 20:19:23,415 - worker - INFO - Health check request received
2024-12-15 20:19:53,428 - worker - INFO - Health check request received
2024-12-15 20:19:53,434 - worker - INFO - Health check request received
2024-12-15 20:19:53,437 - worker - INFO - Health check request received
2024-12-15 20:20:23,446 - worker - INFO - Health check request received
2024-12-15 20:20:23,452 - worker - INFO - Health check request received
2024-12-15 20:20:23,457 - worker - INFO - Health check request received
2024-12-15 20:20:53,467 - worker - INFO - Health check request received
2024-12-15 20:20:53,473 - worker - INFO - Health check request received
2024-12-15 20:20:53,477 - worker - INFO - Health check request received
2024-12-15 20:21:23,493 - worker - INFO - Health check request received
2024-12-15 20:21:23,502 - worker - INFO - Health check request received
2024-12-15 20:21:23,509 - worker - INFO - Health check request received
2024-12-15 20:21:53,527 - worker - INFO - Health check request received
2024-12-15 20:21:53,539 - worker - INFO - Health check request received
2024-12-15 20:21:53,546 - worker - INFO - Health check request received
2024-12-15 20:22:23,558 - worker - INFO - Health check request received
2024-12-15 20:22:23,563 - worker - INFO - Health check request received
2024-12-15 20:22:23,567 - worker - INFO - Health check request received
2024-12-15 20:22:53,580 - worker - INFO - Health check request received
2024-12-15 20:22:53,590 - worker - INFO - Health check request received
2024-12-15 20:22:53,604 - worker - INFO - Health check request received
2024-12-15 20:23:23,621 - worker - INFO - Health check request received
2024-12-15 20:23:23,630 - worker - INFO - Health check request received
2024-12-15 20:23:23,637 - worker - INFO - Health check request received
2024-12-15 20:23:53,649 - worker - INFO - Health check request received
2024-12-15 20:23:53,654 - worker - INFO - Health check request received
2024-12-15 20:23:53,660 - worker - INFO - Health check request received
2024-12-15 20:24:23,675 - worker - INFO - Health check request received
2024-12-15 20:24:23,684 - worker - INFO - Health check request received
2024-12-15 20:24:23,694 - worker - INFO - Health check request received
2024-12-15 20:24:53,708 - worker - INFO - Health check request received
2024-12-15 20:24:53,716 - worker - INFO - Health check request received
2024-12-15 20:24:53,724 - worker - INFO - Health check request received
2024-12-15 20:25:23,739 - worker - INFO - Health check request received
2024-12-15 20:25:23,747 - worker - INFO - Health check request received
2024-12-15 20:25:23,753 - worker - INFO - Health check request received
2024-12-15 20:25:53,772 - worker - INFO - Health check request received
2024-12-15 20:25:53,783 - worker - INFO - Health check request received
2024-12-15 20:25:53,791 - worker - INFO - Health check request received
2024-12-15 20:26:23,804 - worker - INFO - Health check request received
2024-12-15 20:26:23,812 - worker - INFO - Health check request received
2024-12-15 20:26:23,818 - worker - INFO - Health check request received
2024-12-15 20:26:53,831 - worker - INFO - Health check request received
2024-12-15 20:26:53,837 - worker - INFO - Health check request received
2024-12-15 20:26:53,843 - worker - INFO - Health check request received
2024-12-15 20:27:23,853 - worker - INFO - Health check request received
2024-12-15 20:27:23,861 - worker - INFO - Health check request received
2024-12-15 20:27:23,866 - worker - INFO - Health check request received
2024-12-15 20:27:53,876 - worker - INFO - Health check request received
2024-12-15 20:27:53,885 - worker - INFO - Health check request received
2024-12-15 20:27:53,891 - worker - INFO - Health check request received
2024-12-15 20:28:23,909 - worker - INFO - Health check request received
2024-12-15 20:28:23,919 - worker - INFO - Health check request received
2024-12-15 20:28:23,929 - worker - INFO - Health check request received
