2024-12-17 18:53:47,012 - worker - INFO - Starting worker server on port 50051...
2024-12-17 18:53:54,074 - worker - INFO - Starting worker server on port 50052...
2024-12-17 18:54:01,822 - worker - INFO - Starting worker server on port 50053...
2024-12-17 18:56:56,014 - worker - INFO - Upload request for file: distributed_systems.txt
2024-12-17 18:56:56,015 - worker - INFO - Successfully stored file at: storage3/distributed_systems.txt_v1.0
2024-12-17 18:56:56,018 - worker - INFO - Upload request for file: distributed_systems.txt
2024-12-17 18:56:56,019 - worker - INFO - Successfully stored file at: storage2/distributed_systems.txt_v1.0
2024-12-17 18:57:20,344 - worker - INFO - Delete request for file: distributed_systems.txt
2024-12-17 18:57:20,344 - worker - INFO - Successfully deleted 1 versions
2024-12-17 18:57:20,345 - worker - INFO - Delete request for file: distributed_systems.txt
2024-12-17 18:57:20,345 - worker - INFO - Successfully deleted 1 versions
2024-12-17 18:57:30,753 - worker - INFO - Upload request for file: distributed_systems.txt
2024-12-17 18:57:30,754 - worker - INFO - Successfully stored file at: storage1/distributed_systems.txt_v1.0
2024-12-17 18:57:30,755 - worker - INFO - Upload request for file: distributed_systems.txt
2024-12-17 18:57:30,755 - worker - INFO - Successfully stored file at: storage3/distributed_systems.txt_v1.0
2024-12-17 18:57:38,538 - worker - INFO - Upload request for file: distributed_systems.txt
2024-12-17 18:57:38,539 - worker - INFO - Successfully stored file at: storage3/distributed_systems.txt_v1.2
2024-12-17 18:57:38,541 - worker - INFO - Upload request for file: distributed_systems.txt
2024-12-17 18:57:38,541 - worker - INFO - Successfully stored file at: storage2/distributed_systems.txt_v1.2
2024-12-17 18:57:38,542 - worker - INFO - Upload request for file: distributed_systems.txt
2024-12-17 18:57:38,542 - worker - INFO - Successfully stored file at: storage1/distributed_systems.txt_v1.2
2024-12-17 18:58:51,294 - worker - INFO - Delete request for file: distributed_systems.txt
2024-12-17 18:58:51,295 - worker - INFO - Successfully deleted 1 versions
2024-12-17 18:58:51,296 - worker - INFO - Delete request for file: distributed_systems.txt
2024-12-17 18:58:51,297 - worker - INFO - Successfully deleted 2 versions
2024-12-17 18:58:51,299 - worker - INFO - Delete request for file: distributed_systems.txt
2024-12-17 18:58:51,300 - worker - INFO - Successfully deleted 2 versions
2024-12-17 18:59:16,912 - worker - INFO - Upload request for file: distributed_systems.txt
2024-12-17 18:59:16,912 - worker - INFO - Successfully stored file at: storage2/distributed_systems.txt_v1.2
2024-12-17 18:59:16,913 - worker - INFO - Upload request for file: distributed_systems.txt
2024-12-17 18:59:16,913 - worker - INFO - Successfully stored file at: storage1/distributed_systems.txt_v1.2
2024-12-17 23:27:32,220 - worker - INFO - Delete request for file: distributed_systems.txt
2024-12-17 23:27:32,221 - worker - INFO - Successfully deleted 1 versions
2024-12-18 12:38:27,524 - worker - INFO - Health check request received
2024-12-18 12:38:27,540 - worker - INFO - Health check request received
2024-12-18 12:38:27,556 - worker - INFO - Health check request received
2024-12-18 12:38:57,591 - worker - INFO - Health check request received
2024-12-18 12:38:57,598 - worker - INFO - Health check request received
2024-12-18 12:38:57,605 - worker - INFO - Health check request received
2024-12-18 12:39:27,619 - worker - INFO - Health check request received
2024-12-18 12:39:27,624 - worker - INFO - Health check request received
2024-12-18 12:39:27,630 - worker - INFO - Health check request received
2024-12-18 12:39:57,648 - worker - INFO - Health check request received
2024-12-18 12:39:57,659 - worker - INFO - Health check request received
2024-12-18 12:39:57,666 - worker - INFO - Health check request received
2024-12-18 12:40:27,680 - worker - INFO - Health check request received
2024-12-18 12:40:27,686 - worker - INFO - Health check request received
2024-12-18 12:40:27,691 - worker - INFO - Health check request received
