2024-10-28 18:28:02,735 - worker - INFO - Starting worker server on port 50051...
2024-10-28 18:28:19,804 - worker - INFO - Starting worker server on port 50052...
2024-10-28 18:28:29,831 - worker - INFO - Starting worker server on port 50053...
2024-10-28 18:28:39,714 - worker - INFO - Health check request received
2024-10-28 18:28:39,716 - worker - INFO - Health check request received
2024-10-28 18:28:39,717 - worker - INFO - Health check request received
2024-10-28 18:28:54,452 - worker - INFO - Upload request for file: distributed_systems.txt
2024-10-28 18:28:54,452 - worker - INFO - Successfully stored file at: storage3/distributed_systems.txt_v1.0
2024-10-28 18:28:54,453 - worker - INFO - Upload request for file: distributed_systems.txt
2024-10-28 18:28:54,453 - worker - INFO - Successfully stored file at: storage2/distributed_systems.txt_v1.0
2024-10-28 18:28:54,454 - worker - INFO - Upload request for file: distributed_systems.txt
2024-10-28 18:28:54,454 - worker - INFO - Successfully stored file at: storage1/distributed_systems.txt_v1.0
2024-10-28 18:28:54,455 - worker - INFO - Upload request for file: distributed_systems_copy.txt
2024-10-28 18:28:54,455 - worker - INFO - Successfully stored file at: storage1/distributed_systems_copy.txt_v1.0
2024-10-28 18:28:54,456 - worker - INFO - Upload request for file: distributed_systems_copy.txt
2024-10-28 18:28:54,456 - worker - INFO - Successfully stored file at: storage3/distributed_systems_copy.txt_v1.0
2024-10-28 18:28:54,457 - worker - INFO - Upload request for file: distributed_systems_copy.txt
2024-10-28 18:28:54,457 - worker - INFO - Successfully stored file at: storage2/distributed_systems_copy.txt_v1.0
2024-10-28 18:28:54,458 - worker - INFO - Download request for file: distributed_systems.txt
2024-10-28 18:28:54,458 - worker - INFO - Reading file from: storage1/distributed_systems.txt_v1.0
2024-10-28 18:28:54,460 - worker - INFO - Download request for file: distributed_systems_copy.txt
2024-10-28 18:28:54,460 - worker - INFO - Reading file from: storage2/distributed_systems_copy.txt_v1.0
2024-10-28 18:28:54,461 - worker - INFO - Delete request for file: distributed_systems.txt
2024-10-28 18:28:54,461 - worker - INFO - Successfully deleted 1 versions
2024-10-28 18:28:54,461 - worker - INFO - Delete request for file: distributed_systems.txt
2024-10-28 18:28:54,461 - worker - INFO - Successfully deleted 1 versions
2024-10-28 18:28:54,462 - worker - INFO - Delete request for file: distributed_systems.txt
2024-10-28 18:28:54,462 - worker - INFO - Successfully deleted 1 versions
2024-10-28 18:28:54,463 - worker - INFO - Delete request for file: distributed_systems_copy.txt
2024-10-28 18:28:54,463 - worker - INFO - Successfully deleted 1 versions
2024-10-28 18:28:54,464 - worker - INFO - Delete request for file: distributed_systems_copy.txt
2024-10-28 18:28:54,464 - worker - INFO - Successfully deleted 1 versions
2024-10-28 18:28:54,464 - worker - INFO - Delete request for file: distributed_systems_copy.txt
2024-10-28 18:28:54,465 - worker - INFO - Successfully deleted 1 versions
2024-10-28 18:29:09,730 - worker - INFO - Health check request received
2024-10-28 18:29:09,737 - worker - INFO - Health check request received
2024-10-28 18:29:09,742 - worker - INFO - Health check request received
2024-10-28 18:29:39,754 - worker - INFO - Health check request received
2024-10-28 18:29:39,762 - worker - INFO - Health check request received
2024-10-28 18:29:39,768 - worker - INFO - Health check request received
2024-10-28 18:30:09,781 - worker - INFO - Health check request received
2024-10-28 18:30:09,788 - worker - INFO - Health check request received
2024-10-28 18:30:09,799 - worker - INFO - Health check request received
2024-10-28 18:30:39,811 - worker - INFO - Health check request received
2024-10-28 18:30:39,817 - worker - INFO - Health check request received
2024-10-28 18:30:39,822 - worker - INFO - Health check request received
2024-10-28 18:31:09,842 - worker - INFO - Health check request received
2024-10-28 18:31:09,851 - worker - INFO - Health check request received
2024-10-28 18:31:09,859 - worker - INFO - Health check request received
2024-10-28 18:31:39,874 - worker - INFO - Health check request received
2024-10-28 18:31:39,884 - worker - INFO - Health check request received
2024-10-28 18:31:39,891 - worker - INFO - Health check request received
2024-10-28 18:32:09,906 - worker - INFO - Health check request received
2024-10-28 18:32:09,918 - worker - INFO - Health check request received
2024-10-28 18:32:09,926 - worker - INFO - Health check request received
2024-10-28 18:32:39,945 - worker - INFO - Health check request received
2024-10-28 18:32:39,953 - worker - INFO - Health check request received
2024-10-28 18:32:39,958 - worker - INFO - Health check request received
2024-10-28 18:33:09,967 - worker - INFO - Health check request received
2024-10-28 18:33:09,971 - worker - INFO - Health check request received
2024-10-28 18:33:09,974 - worker - INFO - Health check request received
2024-10-28 18:33:39,982 - worker - INFO - Health check request received
2024-10-28 18:33:39,985 - worker - INFO - Health check request received
2024-10-28 18:33:39,987 - worker - INFO - Health check request received
2024-10-28 18:34:09,997 - worker - INFO - Health check request received
2024-10-28 18:34:10,002 - worker - INFO - Health check request received
2024-10-28 18:34:10,004 - worker - INFO - Health check request received
2024-10-28 18:34:25,451 - worker - INFO - Upload request for file: distributed_systems.txt
2024-10-28 18:34:25,451 - worker - INFO - Successfully stored file at: storage3/distributed_systems.txt_v1.5
2024-10-28 18:34:25,452 - worker - INFO - Upload request for file: distributed_systems.txt
2024-10-28 18:34:25,452 - worker - INFO - Successfully stored file at: storage1/distributed_systems.txt_v1.5
2024-10-28 18:34:25,453 - worker - INFO - Upload request for file: distributed_systems.txt
2024-10-28 18:34:25,453 - worker - INFO - Successfully stored file at: storage2/distributed_systems.txt_v1.5
2024-10-28 18:34:40,014 - worker - INFO - Health check request received
2024-10-28 18:34:40,020 - worker - INFO - Health check request received
2024-10-28 18:34:40,025 - worker - INFO - Health check request received
2024-10-28 18:34:43,501 - worker - INFO - Download request for file: distributed_systems.txt
2024-10-28 18:34:43,501 - worker - INFO - Reading file from: storage3/distributed_systems.txt_v1.5
2024-10-28 18:34:57,754 - worker - INFO - Delete request for file: distributed_systems.txt
2024-10-28 18:34:57,754 - worker - INFO - Successfully deleted 1 versions
2024-10-28 18:34:57,755 - worker - INFO - Delete request for file: distributed_systems.txt
2024-10-28 18:34:57,755 - worker - INFO - Successfully deleted 1 versions
2024-10-28 18:34:57,756 - worker - INFO - Delete request for file: distributed_systems.txt
2024-10-28 18:34:57,756 - worker - INFO - Successfully deleted 1 versions
2024-10-28 18:35:10,036 - worker - INFO - Health check request received
2024-10-28 18:35:10,048 - worker - INFO - Health check request received
2024-10-28 18:35:10,052 - worker - INFO - Health check request received
2024-10-28 18:35:40,065 - worker - INFO - Health check request received
2024-10-28 18:35:40,071 - worker - INFO - Health check request received
2024-10-28 18:35:40,076 - worker - INFO - Health check request received
2024-10-28 18:36:10,089 - worker - INFO - Health check request received
2024-10-28 18:36:10,097 - worker - INFO - Health check request received
2024-10-28 18:36:10,103 - worker - INFO - Health check request received
2024-10-28 18:36:10,244 - worker - INFO - Upload request for file: distributed_systems.txt
2024-10-28 18:36:10,244 - worker - INFO - Successfully stored file at: storage1/distributed_systems.txt_v1.5
2024-10-28 18:36:10,245 - worker - INFO - Upload request for file: distributed_systems.txt
2024-10-28 18:36:10,245 - worker - INFO - Successfully stored file at: storage3/distributed_systems.txt_v1.5
2024-10-28 18:36:10,246 - worker - INFO - Upload request for file: distributed_systems.txt
2024-10-28 18:36:10,246 - worker - INFO - Successfully stored file at: storage2/distributed_systems.txt_v1.5
2024-10-28 18:36:40,116 - worker - INFO - Health check request received
2024-10-28 18:36:40,126 - worker - INFO - Health check request received
2024-10-28 18:36:40,131 - worker - INFO - Health check request received
2024-10-28 18:37:10,147 - worker - INFO - Health check request received
2024-10-28 18:37:10,157 - worker - INFO - Health check request received
2024-10-28 18:37:10,168 - worker - INFO - Health check request received
2024-10-28 18:37:40,186 - worker - INFO - Health check request received
2024-10-28 18:37:40,194 - worker - INFO - Health check request received
2024-10-28 18:37:40,199 - worker - INFO - Health check request received
2024-10-28 18:38:10,253 - worker - INFO - Health check request received
2024-10-28 18:38:10,268 - worker - INFO - Health check request received
2024-10-28 18:38:10,273 - worker - INFO - Health check request received
2024-10-28 18:38:40,290 - worker - INFO - Health check request received
2024-10-28 18:38:40,302 - worker - INFO - Health check request received
2024-10-28 18:38:40,309 - worker - INFO - Health check request received
2024-10-28 18:39:10,325 - worker - INFO - Health check request received
2024-10-28 18:39:10,332 - worker - INFO - Health check request received
2024-10-28 18:39:10,337 - worker - INFO - Health check request received
2024-10-28 18:39:40,354 - worker - INFO - Health check request received
2024-10-28 18:39:40,365 - worker - INFO - Health check request received
2024-10-28 18:39:40,375 - worker - INFO - Health check request received
2024-10-28 18:40:10,392 - worker - INFO - Health check request received
2024-10-28 18:40:10,404 - worker - INFO - Health check request received
2024-10-28 18:40:10,412 - worker - INFO - Health check request received
2024-10-28 18:40:40,423 - worker - INFO - Health check request received
2024-10-28 18:40:40,427 - worker - INFO - Health check request received
2024-10-28 18:40:40,431 - worker - INFO - Health check request received
2024-10-28 18:41:10,418 - worker - INFO - Health check request received
2024-10-28 18:41:10,424 - worker - INFO - Health check request received
2024-10-28 18:41:10,429 - worker - INFO - Health check request received
2024-10-28 18:41:40,431 - worker - INFO - Health check request received
2024-10-28 18:41:40,441 - worker - INFO - Health check request received
2024-10-28 18:41:40,446 - worker - INFO - Health check request received
2024-10-28 18:42:10,452 - worker - INFO - Health check request received
2024-10-28 18:42:10,456 - worker - INFO - Health check request received
2024-10-28 18:42:10,457 - worker - INFO - Health check request received
2024-10-28 18:42:40,470 - worker - INFO - Health check request received
2024-10-28 18:42:40,486 - worker - INFO - Health check request received
2024-10-28 18:42:40,496 - worker - INFO - Health check request received
2024-10-28 18:43:10,509 - worker - INFO - Health check request received
2024-10-28 18:43:10,516 - worker - INFO - Health check request received
2024-10-28 18:43:10,521 - worker - INFO - Health check request received
2024-10-28 18:43:40,537 - worker - INFO - Health check request received
2024-10-28 18:43:40,547 - worker - INFO - Health check request received
2024-10-28 18:43:40,555 - worker - INFO - Health check request received
2024-10-28 18:44:10,568 - worker - INFO - Health check request received
2024-10-28 18:44:10,577 - worker - INFO - Health check request received
2024-10-28 18:44:10,583 - worker - INFO - Health check request received
2024-10-28 18:44:40,599 - worker - INFO - Health check request received
2024-10-28 18:44:40,611 - worker - INFO - Health check request received
2024-10-28 18:44:40,615 - worker - INFO - Health check request received
2024-10-28 18:45:10,625 - worker - INFO - Health check request received
2024-10-28 18:45:10,629 - worker - INFO - Health check request received
2024-10-28 18:45:10,632 - worker - INFO - Health check request received
2024-10-28 18:45:40,644 - worker - INFO - Health check request received
2024-10-28 18:45:40,651 - worker - INFO - Health check request received
2024-10-28 18:45:40,658 - worker - INFO - Health check request received
2024-10-28 18:46:10,671 - worker - INFO - Health check request received
2024-10-28 18:46:10,677 - worker - INFO - Health check request received
2024-10-28 18:46:10,683 - worker - INFO - Health check request received
2024-10-28 18:46:40,700 - worker - INFO - Health check request received
2024-10-28 18:46:40,706 - worker - INFO - Health check request received
2024-10-28 18:46:40,712 - worker - INFO - Health check request received
2024-10-28 18:47:10,720 - worker - INFO - Health check request received
2024-10-28 18:47:10,724 - worker - INFO - Health check request received
2024-10-28 18:47:10,727 - worker - INFO - Health check request received
2024-10-28 18:47:40,741 - worker - INFO - Health check request received
2024-10-28 18:47:40,748 - worker - INFO - Health check request received
2024-10-28 18:47:40,757 - worker - INFO - Health check request received
2024-10-28 18:48:10,773 - worker - INFO - Health check request received
2024-10-28 18:48:10,782 - worker - INFO - Health check request received
2024-10-28 18:48:10,794 - worker - INFO - Health check request received
2024-10-28 18:48:40,812 - worker - INFO - Health check request received
2024-10-28 18:48:40,828 - worker - INFO - Health check request received
2024-10-28 18:48:40,834 - worker - INFO - Health check request received
2024-10-28 18:49:10,848 - worker - INFO - Health check request received
2024-10-28 18:49:10,851 - worker - INFO - Health check request received
2024-10-28 18:49:10,853 - worker - INFO - Health check request received
2024-10-28 18:49:40,869 - worker - INFO - Health check request received
2024-10-28 18:49:40,878 - worker - INFO - Health check request received
2024-10-28 18:49:40,883 - worker - INFO - Health check request received
2024-10-28 18:50:10,900 - worker - INFO - Health check request received
2024-10-28 18:50:10,913 - worker - INFO - Health check request received
2024-10-28 18:50:10,920 - worker - INFO - Health check request received
2024-10-28 18:50:40,931 - worker - INFO - Health check request received
2024-10-28 18:50:40,938 - worker - INFO - Health check request received
2024-10-28 18:50:40,943 - worker - INFO - Health check request received
2024-10-28 18:51:10,960 - worker - INFO - Health check request received
2024-10-28 18:51:10,969 - worker - INFO - Health check request received
2024-10-28 18:51:10,975 - worker - INFO - Health check request received
2024-10-28 18:51:40,990 - worker - INFO - Health check request received
2024-10-28 18:51:40,997 - worker - INFO - Health check request received
2024-10-28 18:51:41,004 - worker - INFO - Health check request received
2024-10-28 18:52:11,015 - worker - INFO - Health check request received
2024-10-28 18:52:11,021 - worker - INFO - Health check request received
2024-10-28 18:52:11,027 - worker - INFO - Health check request received
2024-10-28 18:52:41,039 - worker - INFO - Health check request received
2024-10-28 18:52:41,043 - worker - INFO - Health check request received
2024-10-28 18:52:41,047 - worker - INFO - Health check request received
2024-10-28 18:53:11,054 - worker - INFO - Health check request received
2024-10-28 18:53:11,058 - worker - INFO - Health check request received
2024-10-28 18:53:11,060 - worker - INFO - Health check request received
2024-10-28 18:53:41,071 - worker - INFO - Health check request received
2024-10-28 18:53:41,076 - worker - INFO - Health check request received
2024-10-28 18:53:41,080 - worker - INFO - Health check request received
2024-10-28 18:54:11,094 - worker - INFO - Health check request received
2024-10-28 18:54:11,104 - worker - INFO - Health check request received
2024-10-28 18:54:11,112 - worker - INFO - Health check request received
2024-10-28 18:54:41,128 - worker - INFO - Health check request received
2024-10-28 18:54:41,140 - worker - INFO - Health check request received
2024-10-28 18:54:41,149 - worker - INFO - Health check request received
2024-10-28 18:55:11,166 - worker - INFO - Health check request received
2024-10-28 18:55:11,178 - worker - INFO - Health check request received
2024-10-28 18:55:11,188 - worker - INFO - Health check request received
2024-10-28 18:55:41,205 - worker - INFO - Health check request received
2024-10-28 18:55:41,217 - worker - INFO - Health check request received
2024-10-28 18:55:41,224 - worker - INFO - Health check request received
2024-10-28 18:56:11,236 - worker - INFO - Health check request received
2024-10-28 18:56:11,241 - worker - INFO - Health check request received
2024-10-28 18:56:11,248 - worker - INFO - Health check request received
2024-10-28 18:56:41,257 - worker - INFO - Health check request received
2024-10-28 18:56:41,262 - worker - INFO - Health check request received
2024-10-28 18:56:41,268 - worker - INFO - Health check request received
2024-10-28 18:57:11,278 - worker - INFO - Health check request received
2024-10-28 18:57:11,283 - worker - INFO - Health check request received
2024-10-28 18:57:11,288 - worker - INFO - Health check request received
2024-10-28 18:57:41,297 - worker - INFO - Health check request received
2024-10-28 18:57:41,303 - worker - INFO - Health check request received
2024-10-28 18:57:41,310 - worker - INFO - Health check request received
2024-10-28 18:58:11,320 - worker - INFO - Health check request received
2024-10-28 18:58:11,326 - worker - INFO - Health check request received
2024-10-28 18:58:11,330 - worker - INFO - Health check request received
2024-10-28 18:58:41,345 - worker - INFO - Health check request received
2024-10-28 18:58:41,351 - worker - INFO - Health check request received
2024-10-28 18:58:41,356 - worker - INFO - Health check request received
2024-10-28 18:59:11,369 - worker - INFO - Health check request received
2024-10-28 18:59:11,382 - worker - INFO - Health check request received
2024-10-28 18:59:11,390 - worker - INFO - Health check request received
2024-10-28 18:59:41,402 - worker - INFO - Health check request received
2024-10-28 18:59:41,408 - worker - INFO - Health check request received
2024-10-28 18:59:41,413 - worker - INFO - Health check request received
2024-10-28 19:00:11,428 - worker - INFO - Health check request received
2024-10-28 19:00:11,436 - worker - INFO - Health check request received
2024-10-28 19:00:11,444 - worker - INFO - Health check request received
2024-10-28 19:00:41,458 - worker - INFO - Health check request received
2024-10-28 19:00:41,464 - worker - INFO - Health check request received
2024-10-28 19:00:41,469 - worker - INFO - Health check request received
2024-10-28 19:01:11,479 - worker - INFO - Health check request received
2024-10-28 19:01:11,485 - worker - INFO - Health check request received
2024-10-28 19:01:11,490 - worker - INFO - Health check request received
2024-10-28 19:01:41,497 - worker - INFO - Health check request received
2024-10-28 19:01:41,503 - worker - INFO - Health check request received
2024-10-28 19:01:41,507 - worker - INFO - Health check request received
2024-10-28 19:02:11,521 - worker - INFO - Health check request received
2024-10-28 19:02:11,529 - worker - INFO - Health check request received
2024-10-28 19:02:11,537 - worker - INFO - Health check request received
2024-10-28 19:02:41,547 - worker - INFO - Health check request received
2024-10-28 19:02:41,550 - worker - INFO - Health check request received
2024-10-28 19:02:41,553 - worker - INFO - Health check request received
2024-10-28 19:03:11,541 - worker - INFO - Health check request received
2024-10-28 19:03:11,545 - worker - INFO - Health check request received
2024-10-28 19:03:11,547 - worker - INFO - Health check request received
2024-10-28 19:03:41,551 - worker - INFO - Health check request received
2024-10-28 19:03:41,558 - worker - INFO - Health check request received
2024-10-28 19:03:41,565 - worker - INFO - Health check request received
2024-10-28 19:04:11,575 - worker - INFO - Health check request received
2024-10-28 19:04:11,578 - worker - INFO - Health check request received
2024-10-28 19:04:11,579 - worker - INFO - Health check request received
2024-10-28 19:04:41,587 - worker - INFO - Health check request received
2024-10-28 19:04:41,590 - worker - INFO - Health check request received
2024-10-28 19:04:41,591 - worker - INFO - Health check request received
2024-10-28 19:05:11,598 - worker - INFO - Health check request received
2024-10-28 19:05:11,600 - worker - INFO - Health check request received
2024-10-28 19:05:11,602 - worker - INFO - Health check request received
2024-10-28 19:05:22,271 - worker - INFO - Health check request received
2024-10-28 19:05:22,272 - worker - INFO - Health check request received
2024-10-28 19:05:22,273 - worker - INFO - Health check request received
2024-10-28 19:05:52,281 - worker - INFO - Health check request received
2024-10-28 19:05:52,286 - worker - INFO - Health check request received
2024-10-28 19:05:52,290 - worker - INFO - Health check request received
2024-10-28 19:05:58,029 - worker - INFO - Upload request for file: distributed_systems.txt
2024-10-28 19:05:58,030 - worker - INFO - Successfully stored file at: storage3/distributed_systems.txt_v1.5
2024-10-28 19:05:58,030 - worker - INFO - Upload request for file: distributed_systems.txt
2024-10-28 19:05:58,031 - worker - INFO - Successfully stored file at: storage2/distributed_systems.txt_v1.5
2024-10-28 19:05:58,031 - worker - INFO - Upload request for file: distributed_systems.txt
2024-10-28 19:05:58,032 - worker - INFO - Successfully stored file at: storage1/distributed_systems.txt_v1.5
2024-10-28 19:06:22,300 - worker - INFO - Health check request received
2024-10-28 19:06:22,305 - worker - INFO - Health check request received
2024-10-28 19:06:22,310 - worker - INFO - Health check request received
2024-10-28 19:06:52,321 - worker - INFO - Health check request received
2024-10-28 19:06:52,324 - worker - INFO - Health check request received
2024-10-28 19:06:52,327 - worker - INFO - Health check request received
2024-10-28 19:07:22,334 - worker - INFO - Health check request received
2024-10-28 19:07:22,341 - worker - INFO - Health check request received
2024-10-28 19:07:22,346 - worker - INFO - Health check request received
2024-10-28 19:07:37,453 - worker - INFO - Download request for file: distributed_systems.txt
2024-10-28 19:07:37,453 - worker - INFO - Reading file from: storage2/distributed_systems.txt_v1.5
2024-10-28 19:07:52,356 - worker - INFO - Health check request received
2024-10-28 19:07:52,360 - worker - INFO - Health check request received
2024-10-28 19:07:52,365 - worker - INFO - Health check request received
2024-10-28 19:08:22,375 - worker - INFO - Health check request received
2024-10-28 19:08:22,378 - worker - INFO - Health check request received
2024-10-28 19:08:22,380 - worker - INFO - Health check request received
2024-10-28 19:08:52,390 - worker - INFO - Health check request received
2024-10-28 19:08:52,393 - worker - INFO - Health check request received
2024-10-28 19:08:52,395 - worker - INFO - Health check request received
2024-10-28 19:09:22,408 - worker - INFO - Health check request received
2024-10-28 19:09:22,412 - worker - INFO - Health check request received
2024-10-28 19:09:22,418 - worker - INFO - Health check request received
2024-10-28 19:09:52,427 - worker - INFO - Health check request received
2024-10-28 19:09:52,432 - worker - INFO - Health check request received
2024-10-28 19:09:52,436 - worker - INFO - Health check request received
2024-10-28 19:10:22,443 - worker - INFO - Health check request received
2024-10-28 19:10:22,448 - worker - INFO - Health check request received
2024-10-28 19:10:22,452 - worker - INFO - Health check request received
2024-10-28 19:10:52,463 - worker - INFO - Health check request received
2024-10-28 19:10:52,467 - worker - INFO - Health check request received
2024-10-28 19:10:52,471 - worker - INFO - Health check request received
2024-10-28 19:11:22,481 - worker - INFO - Health check request received
2024-10-28 19:11:22,486 - worker - INFO - Health check request received
2024-10-28 19:11:22,490 - worker - INFO - Health check request received
2024-10-28 19:11:52,501 - worker - INFO - Health check request received
2024-10-28 19:11:52,506 - worker - INFO - Health check request received
2024-10-28 19:11:52,509 - worker - INFO - Health check request received
2024-10-28 19:12:22,520 - worker - INFO - Health check request received
2024-10-28 19:12:22,524 - worker - INFO - Health check request received
2024-10-28 19:12:22,528 - worker - INFO - Health check request received
2024-10-28 19:12:52,539 - worker - INFO - Health check request received
2024-10-28 19:12:52,543 - worker - INFO - Health check request received
2024-10-28 19:12:52,548 - worker - INFO - Health check request received
2024-10-28 19:13:22,558 - worker - INFO - Health check request received
2024-10-28 19:13:22,566 - worker - INFO - Health check request received
2024-10-28 19:13:22,573 - worker - INFO - Health check request received
2024-10-28 19:16:19,150 - worker - INFO - Health check request received
2024-10-28 19:16:19,157 - worker - INFO - Health check request received
2024-10-28 19:16:19,162 - worker - INFO - Health check request received
2024-10-28 19:16:49,175 - worker - INFO - Health check request received
2024-10-28 19:16:49,182 - worker - INFO - Health check request received
2024-10-28 19:16:49,188 - worker - INFO - Health check request received
2024-10-28 19:17:19,198 - worker - INFO - Health check request received
2024-10-28 19:17:19,203 - worker - INFO - Health check request received
2024-10-28 19:17:19,207 - worker - INFO - Health check request received
2024-10-28 19:17:49,219 - worker - INFO - Health check request received
2024-10-28 19:17:49,223 - worker - INFO - Health check request received
2024-10-28 19:17:49,227 - worker - INFO - Health check request received
2024-10-28 19:18:19,237 - worker - INFO - Health check request received
2024-10-28 19:18:19,242 - worker - INFO - Health check request received
2024-10-28 19:18:19,246 - worker - INFO - Health check request received
2024-10-28 19:18:49,259 - worker - INFO - Health check request received
2024-10-28 19:18:49,264 - worker - INFO - Health check request received
2024-10-28 19:18:49,268 - worker - INFO - Health check request received
2024-10-28 19:19:19,273 - worker - INFO - Health check request received
2024-10-28 19:19:19,278 - worker - INFO - Health check request received
2024-10-28 19:19:19,282 - worker - INFO - Health check request received
2024-10-28 19:19:49,293 - worker - INFO - Health check request received
2024-10-28 19:19:49,298 - worker - INFO - Health check request received
2024-10-28 19:19:49,302 - worker - INFO - Health check request received
2024-10-28 19:20:19,313 - worker - INFO - Health check request received
2024-10-28 19:20:19,317 - worker - INFO - Health check request received
2024-10-28 19:20:19,321 - worker - INFO - Health check request received
2024-10-28 19:20:49,328 - worker - INFO - Health check request received
2024-10-28 19:20:49,332 - worker - INFO - Health check request received
2024-10-28 19:20:49,336 - worker - INFO - Health check request received
2024-10-28 19:21:16,574 - worker - INFO - Delete request for file: distributed_systems.txt
2024-10-28 19:21:16,574 - worker - INFO - Successfully deleted 1 versions
2024-10-28 19:21:16,575 - worker - INFO - Delete request for file: distributed_systems.txt
2024-10-28 19:21:16,576 - worker - INFO - Successfully deleted 1 versions
2024-10-28 19:21:16,577 - worker - INFO - Delete request for file: distributed_systems.txt
2024-10-28 19:21:16,577 - worker - INFO - Successfully deleted 1 versions
2024-10-28 19:21:19,346 - worker - INFO - Health check request received
2024-10-28 19:21:19,349 - worker - INFO - Health check request received
2024-10-28 19:21:19,352 - worker - INFO - Health check request received
2024-10-28 19:21:49,366 - worker - INFO - Health check request received
2024-10-28 19:21:49,370 - worker - INFO - Health check request received
2024-10-28 19:21:49,372 - worker - INFO - Health check request received
2024-10-28 19:22:19,383 - worker - INFO - Health check request received
2024-10-28 19:22:19,387 - worker - INFO - Health check request received
2024-10-28 19:22:19,392 - worker - INFO - Health check request received
2024-10-28 19:22:49,402 - worker - INFO - Health check request received
2024-10-28 19:22:49,405 - worker - INFO - Health check request received
2024-10-28 19:22:49,407 - worker - INFO - Health check request received
2024-10-28 19:23:19,416 - worker - INFO - Health check request received
2024-10-28 19:23:19,420 - worker - INFO - Health check request received
2024-10-28 19:23:19,424 - worker - INFO - Health check request received
2024-10-28 19:23:49,438 - worker - INFO - Health check request received
2024-10-28 19:23:49,448 - worker - INFO - Health check request received
2024-10-28 19:23:49,456 - worker - INFO - Health check request received
2024-10-28 19:24:19,472 - worker - INFO - Health check request received
2024-10-28 19:24:19,479 - worker - INFO - Health check request received
2024-10-28 19:24:19,486 - worker - INFO - Health check request received
2024-10-28 19:24:49,497 - worker - INFO - Health check request received
2024-10-28 19:24:49,504 - worker - INFO - Health check request received
2024-10-28 19:24:49,509 - worker - INFO - Health check request received
2024-10-28 19:25:19,521 - worker - INFO - Health check request received
2024-10-28 19:25:19,530 - worker - INFO - Health check request received
2024-10-28 19:25:19,537 - worker - INFO - Health check request received
2024-10-28 19:25:49,548 - worker - INFO - Health check request received
2024-10-28 19:25:49,552 - worker - INFO - Health check request received
2024-10-28 19:25:49,554 - worker - INFO - Health check request received
2024-10-28 19:26:19,564 - worker - INFO - Health check request received
2024-10-28 19:26:19,570 - worker - INFO - Health check request received
2024-10-28 19:26:19,575 - worker - INFO - Health check request received
2024-10-28 19:26:49,584 - worker - INFO - Health check request received
2024-10-28 19:26:49,587 - worker - INFO - Health check request received
2024-10-28 19:26:49,588 - worker - INFO - Health check request received
2024-10-28 19:27:19,600 - worker - INFO - Health check request received
2024-10-28 19:27:19,607 - worker - INFO - Health check request received
2024-10-28 19:27:19,613 - worker - INFO - Health check request received
2024-10-28 19:27:49,625 - worker - INFO - Health check request received
2024-10-28 19:27:49,631 - worker - INFO - Health check request received
2024-10-28 19:27:49,635 - worker - INFO - Health check request received
2024-10-28 19:28:19,648 - worker - INFO - Health check request received
2024-10-28 19:28:19,656 - worker - INFO - Health check request received
2024-10-28 19:28:19,663 - worker - INFO - Health check request received
2024-10-28 19:28:49,675 - worker - INFO - Health check request received
2024-10-28 19:28:49,681 - worker - INFO - Health check request received
2024-10-28 19:28:49,687 - worker - INFO - Health check request received
2024-10-28 19:29:19,699 - worker - INFO - Health check request received
2024-10-28 19:29:19,707 - worker - INFO - Health check request received
2024-10-28 19:29:19,713 - worker - INFO - Health check request received
2024-10-28 19:29:49,729 - worker - INFO - Health check request received
2024-10-28 19:29:49,738 - worker - INFO - Health check request received
2024-10-28 19:29:49,745 - worker - INFO - Health check request received
2024-10-28 19:30:19,755 - worker - INFO - Health check request received
2024-10-28 19:30:19,761 - worker - INFO - Health check request received
2024-10-28 19:30:19,764 - worker - INFO - Health check request received
2024-10-28 19:30:49,776 - worker - INFO - Health check request received
2024-10-28 19:30:49,784 - worker - INFO - Health check request received
2024-10-28 19:30:49,789 - worker - INFO - Health check request received
2024-10-28 19:31:19,806 - worker - INFO - Health check request received
2024-10-28 19:31:19,814 - worker - INFO - Health check request received
2024-10-28 19:31:19,820 - worker - INFO - Health check request received
2024-10-28 19:31:49,832 - worker - INFO - Health check request received
2024-10-28 19:31:49,838 - worker - INFO - Health check request received
2024-10-28 19:31:49,842 - worker - INFO - Health check request received
2024-10-28 19:32:19,854 - worker - INFO - Health check request received
2024-10-28 19:32:19,862 - worker - INFO - Health check request received
2024-10-28 19:32:19,869 - worker - INFO - Health check request received
2024-10-28 19:32:49,882 - worker - INFO - Health check request received
2024-10-28 19:32:49,892 - worker - INFO - Health check request received
2024-10-28 19:32:49,899 - worker - INFO - Health check request received
2024-10-28 19:33:19,910 - worker - INFO - Health check request received
2024-10-28 19:33:19,915 - worker - INFO - Health check request received
2024-10-28 19:33:19,919 - worker - INFO - Health check request received
2024-10-28 19:33:49,932 - worker - INFO - Health check request received
2024-10-28 19:33:49,944 - worker - INFO - Health check request received
2024-10-28 19:33:49,952 - worker - INFO - Health check request received
2024-10-28 19:34:19,970 - worker - INFO - Health check request received
2024-10-28 19:34:19,983 - worker - INFO - Health check request received
2024-10-28 19:34:19,994 - worker - INFO - Health check request received
2024-10-28 19:34:50,004 - worker - INFO - Health check request received
2024-10-28 19:34:50,008 - worker - INFO - Health check request received
2024-10-28 19:34:50,011 - worker - INFO - Health check request received
2024-10-28 19:35:20,023 - worker - INFO - Health check request received
2024-10-28 19:35:20,030 - worker - INFO - Health check request received
2024-10-28 19:35:20,036 - worker - INFO - Health check request received
2024-10-28 19:35:50,047 - worker - INFO - Health check request received
2024-10-28 19:35:50,051 - worker - INFO - Health check request received
2024-10-28 19:35:50,054 - worker - INFO - Health check request received
2024-10-28 19:36:20,065 - worker - INFO - Health check request received
2024-10-28 19:36:20,071 - worker - INFO - Health check request received
2024-10-28 19:36:20,083 - worker - INFO - Health check request received
2024-10-28 19:36:50,094 - worker - INFO - Health check request received
2024-10-28 19:36:50,099 - worker - INFO - Health check request received
2024-10-28 19:36:50,103 - worker - INFO - Health check request received
2024-10-28 19:37:20,120 - worker - INFO - Health check request received
2024-10-28 19:37:20,130 - worker - INFO - Health check request received
2024-10-28 19:37:20,134 - worker - INFO - Health check request received
2024-10-28 19:37:50,144 - worker - INFO - Health check request received
2024-10-28 19:37:50,150 - worker - INFO - Health check request received
2024-10-28 19:37:50,156 - worker - INFO - Health check request received
2024-10-28 19:38:20,168 - worker - INFO - Health check request received
2024-10-28 19:38:20,174 - worker - INFO - Health check request received
2024-10-28 19:38:20,178 - worker - INFO - Health check request received
2024-10-28 19:38:50,189 - worker - INFO - Health check request received
2024-10-28 19:38:50,195 - worker - INFO - Health check request received
2024-10-28 19:38:50,200 - worker - INFO - Health check request received
2024-10-28 19:39:20,238 - worker - INFO - Health check request received
2024-10-28 19:39:20,243 - worker - INFO - Health check request received
2024-10-28 19:39:20,249 - worker - INFO - Health check request received
2024-10-28 19:39:50,264 - worker - INFO - Health check request received
2024-10-28 19:39:50,268 - worker - INFO - Health check request received
2024-10-28 19:39:50,271 - worker - INFO - Health check request received
2024-10-28 19:40:20,283 - worker - INFO - Health check request received
2024-10-28 19:40:20,287 - worker - INFO - Health check request received
2024-10-28 19:40:20,294 - worker - INFO - Health check request received
2024-10-28 19:40:50,305 - worker - INFO - Health check request received
2024-10-28 19:40:50,309 - worker - INFO - Health check request received
2024-10-28 19:40:50,313 - worker - INFO - Health check request received
2024-10-28 19:41:15,654 - worker - INFO - Upload request for file: distributed_systems.txt
2024-10-28 19:41:15,655 - worker - INFO - Successfully stored file at: storage3/distributed_systems.txt_v1.5
2024-10-28 19:41:15,656 - worker - INFO - Upload request for file: distributed_systems.txt
2024-10-28 19:41:15,656 - worker - INFO - Successfully stored file at: storage2/distributed_systems.txt_v1.5
2024-10-28 19:41:15,657 - worker - INFO - Upload request for file: distributed_systems.txt
2024-10-28 19:41:15,657 - worker - INFO - Successfully stored file at: storage1/distributed_systems.txt_v1.5
2024-10-28 19:41:20,323 - worker - INFO - Health check request received
2024-10-28 19:41:20,328 - worker - INFO - Health check request received
2024-10-28 19:41:20,332 - worker - INFO - Health check request received
2024-10-28 19:41:50,341 - worker - INFO - Health check request received
2024-10-28 19:41:50,344 - worker - INFO - Health check request received
2024-10-28 19:41:50,346 - worker - INFO - Health check request received
2024-10-28 19:42:08,671 - worker - INFO - Download request for file: distributed_systems.txt
2024-10-28 19:42:08,671 - worker - INFO - Reading file from: storage2/distributed_systems.txt_v1.5
2024-10-28 19:42:15,118 - worker - INFO - Download request for file: distributed_systems.txt
2024-10-28 19:42:15,118 - worker - INFO - Reading file from: storage3/distributed_systems.txt_v1.5
2024-10-28 19:42:20,356 - worker - INFO - Health check request received
2024-10-28 19:42:20,359 - worker - INFO - Health check request received
2024-10-28 19:42:20,362 - worker - INFO - Health check request received
2024-10-28 19:42:50,369 - worker - INFO - Health check request received
2024-10-28 19:42:50,375 - worker - INFO - Health check request received
2024-10-28 19:42:50,379 - worker - INFO - Health check request received
2024-10-28 19:42:56,399 - worker - INFO - Delete request for file: distributed_systems.txt
2024-10-28 19:42:56,399 - worker - INFO - Successfully deleted 1 versions
2024-10-28 19:42:56,400 - worker - INFO - Delete request for file: distributed_systems.txt
2024-10-28 19:42:56,400 - worker - INFO - Successfully deleted 1 versions
2024-10-28 19:42:56,400 - worker - INFO - Delete request for file: distributed_systems.txt
2024-10-28 19:42:56,400 - worker - INFO - Successfully deleted 1 versions
2024-10-28 19:43:20,387 - worker - INFO - Health check request received
2024-10-28 19:43:20,392 - worker - INFO - Health check request received
2024-10-28 19:43:20,395 - worker - INFO - Health check request received
2024-10-28 19:43:50,402 - worker - INFO - Health check request received
2024-10-28 19:43:50,407 - worker - INFO - Health check request received
2024-10-28 19:43:50,412 - worker - INFO - Health check request received
2024-10-28 19:44:20,426 - worker - INFO - Health check request received
2024-10-28 19:44:20,436 - worker - INFO - Health check request received
2024-10-28 19:44:20,439 - worker - INFO - Health check request received
2024-10-28 19:44:50,464 - worker - INFO - Health check request received
2024-10-28 19:44:50,469 - worker - INFO - Health check request received
2024-10-28 19:44:50,473 - worker - INFO - Health check request received
2024-10-28 19:45:20,484 - worker - INFO - Health check request received
2024-10-28 19:45:20,490 - worker - INFO - Health check request received
2024-10-28 19:45:20,494 - worker - INFO - Health check request received
2024-10-28 19:45:50,529 - worker - INFO - Health check request received
2024-10-28 19:45:50,539 - worker - INFO - Health check request received
2024-10-28 19:45:50,543 - worker - INFO - Health check request received
2024-10-28 19:46:20,553 - worker - INFO - Health check request received
2024-10-28 19:46:20,559 - worker - INFO - Health check request received
2024-10-28 19:46:20,566 - worker - INFO - Health check request received
2024-10-28 19:46:50,577 - worker - INFO - Health check request received
2024-10-28 19:46:50,582 - worker - INFO - Health check request received
2024-10-28 19:46:50,585 - worker - INFO - Health check request received
2024-10-28 19:47:20,598 - worker - INFO - Health check request received
2024-10-28 19:47:20,604 - worker - INFO - Health check request received
2024-10-28 19:47:20,609 - worker - INFO - Health check request received
2024-10-28 19:47:50,621 - worker - INFO - Health check request received
2024-10-28 19:47:50,626 - worker - INFO - Health check request received
2024-10-28 19:47:50,632 - worker - INFO - Health check request received
2024-10-28 19:48:20,643 - worker - INFO - Health check request received
2024-10-28 19:48:20,648 - worker - INFO - Health check request received
2024-10-28 19:48:20,653 - worker - INFO - Health check request received
2024-10-28 19:48:50,665 - worker - INFO - Health check request received
2024-10-28 19:48:50,671 - worker - INFO - Health check request received
2024-10-28 19:48:50,675 - worker - INFO - Health check request received
2024-10-28 19:49:20,688 - worker - INFO - Health check request received
2024-10-28 19:49:20,695 - worker - INFO - Health check request received
2024-10-28 19:49:20,700 - worker - INFO - Health check request received
2024-10-28 19:49:50,712 - worker - INFO - Health check request received
2024-10-28 19:49:50,717 - worker - INFO - Health check request received
2024-10-28 19:49:50,721 - worker - INFO - Health check request received
2024-10-28 19:50:20,730 - worker - INFO - Health check request received
2024-10-28 19:50:20,737 - worker - INFO - Health check request received
2024-10-28 19:50:20,746 - worker - INFO - Health check request received
2024-10-28 19:50:50,758 - worker - INFO - Health check request received
2024-10-28 19:50:50,775 - worker - INFO - Health check request received
2024-10-28 19:50:50,782 - worker - INFO - Health check request received
2024-10-28 19:51:20,797 - worker - INFO - Health check request received
2024-10-28 19:51:20,802 - worker - INFO - Health check request received
2024-10-28 19:51:20,809 - worker - INFO - Health check request received
2024-10-28 19:51:50,820 - worker - INFO - Health check request received
2024-10-28 19:51:50,822 - worker - INFO - Health check request received
2024-10-28 19:51:50,824 - worker - INFO - Health check request received
2024-10-28 19:52:20,835 - worker - INFO - Health check request received
2024-10-28 19:52:20,844 - worker - INFO - Health check request received
2024-10-28 19:52:20,857 - worker - INFO - Health check request received
2024-10-28 19:52:50,874 - worker - INFO - Health check request received
2024-10-28 19:52:50,886 - worker - INFO - Health check request received
2024-10-28 19:52:50,895 - worker - INFO - Health check request received
2024-10-28 19:53:20,906 - worker - INFO - Health check request received
2024-10-28 19:53:20,912 - worker - INFO - Health check request received
2024-10-28 19:53:20,917 - worker - INFO - Health check request received
2024-10-28 19:53:50,927 - worker - INFO - Health check request received
2024-10-28 19:53:50,932 - worker - INFO - Health check request received
2024-10-28 19:53:50,935 - worker - INFO - Health check request received
2024-10-28 19:54:20,947 - worker - INFO - Health check request received
2024-10-28 19:54:20,952 - worker - INFO - Health check request received
2024-10-28 19:54:20,958 - worker - INFO - Health check request received
2024-10-28 19:54:50,970 - worker - INFO - Health check request received
2024-10-28 19:54:50,977 - worker - INFO - Health check request received
2024-10-28 19:54:50,983 - worker - INFO - Health check request received
2024-10-28 19:55:20,991 - worker - INFO - Health check request received
2024-10-28 19:55:20,996 - worker - INFO - Health check request received
2024-10-28 19:55:20,999 - worker - INFO - Health check request received
2024-10-28 19:55:51,006 - worker - INFO - Health check request received
2024-10-28 19:55:51,008 - worker - INFO - Health check request received
2024-10-28 19:55:51,010 - worker - INFO - Health check request received
2024-10-28 19:56:21,021 - worker - INFO - Health check request received
2024-10-28 19:56:21,026 - worker - INFO - Health check request received
2024-10-28 19:56:21,031 - worker - INFO - Health check request received
2024-10-28 19:56:51,044 - worker - INFO - Health check request received
2024-10-28 19:56:51,052 - worker - INFO - Health check request received
2024-10-28 19:56:51,061 - worker - INFO - Health check request received
2024-10-28 19:57:21,073 - worker - INFO - Health check request received
2024-10-28 19:57:21,079 - worker - INFO - Health check request received
2024-10-28 19:57:21,083 - worker - INFO - Health check request received
2024-10-28 19:57:51,095 - worker - INFO - Health check request received
2024-10-28 19:57:51,101 - worker - INFO - Health check request received
2024-10-28 19:57:51,105 - worker - INFO - Health check request received
2024-10-28 19:58:21,117 - worker - INFO - Health check request received
2024-10-28 19:58:21,122 - worker - INFO - Health check request received
2024-10-28 19:58:21,126 - worker - INFO - Health check request received
2024-10-28 19:58:51,141 - worker - INFO - Health check request received
2024-10-28 19:58:51,150 - worker - INFO - Health check request received
2024-10-28 19:58:51,158 - worker - INFO - Health check request received
2024-10-28 19:59:21,171 - worker - INFO - Health check request received
2024-10-28 19:59:21,179 - worker - INFO - Health check request received
2024-10-28 19:59:21,185 - worker - INFO - Health check request received
2024-10-28 19:59:51,200 - worker - INFO - Health check request received
2024-10-28 19:59:51,204 - worker - INFO - Health check request received
2024-10-28 19:59:51,208 - worker - INFO - Health check request received
2024-10-28 20:00:21,224 - worker - INFO - Health check request received
2024-10-28 20:00:21,233 - worker - INFO - Health check request received
2024-10-28 20:00:21,240 - worker - INFO - Health check request received
2024-10-28 20:00:51,252 - worker - INFO - Health check request received
2024-10-28 20:00:51,257 - worker - INFO - Health check request received
2024-10-28 20:00:51,261 - worker - INFO - Health check request received
2024-10-28 20:01:21,274 - worker - INFO - Health check request received
2024-10-28 20:01:21,280 - worker - INFO - Health check request received
2024-10-28 20:01:21,285 - worker - INFO - Health check request received
2024-10-28 20:01:51,295 - worker - INFO - Health check request received
2024-10-28 20:01:51,303 - worker - INFO - Health check request received
2024-10-28 20:01:51,307 - worker - INFO - Health check request received
2024-10-28 20:02:21,319 - worker - INFO - Health check request received
2024-10-28 20:02:21,326 - worker - INFO - Health check request received
2024-10-28 20:02:21,338 - worker - INFO - Health check request received
2024-10-28 20:02:51,351 - worker - INFO - Health check request received
2024-10-28 20:02:51,357 - worker - INFO - Health check request received
2024-10-28 20:02:51,363 - worker - INFO - Health check request received
2024-10-28 20:03:21,370 - worker - INFO - Health check request received
2024-10-28 20:03:21,374 - worker - INFO - Health check request received
2024-10-28 20:03:21,378 - worker - INFO - Health check request received
2024-10-28 20:03:51,390 - worker - INFO - Health check request received
2024-10-28 20:03:51,396 - worker - INFO - Health check request received
2024-10-28 20:03:51,402 - worker - INFO - Health check request received
2024-10-28 20:04:21,413 - worker - INFO - Health check request received
2024-10-28 20:04:21,418 - worker - INFO - Health check request received
2024-10-28 20:04:21,422 - worker - INFO - Health check request received
2024-10-28 20:04:51,427 - worker - INFO - Health check request received
2024-10-28 20:04:51,430 - worker - INFO - Health check request received
2024-10-28 20:04:51,433 - worker - INFO - Health check request received
